mode: set
github.com/corsc/go-tools/fiximports/fiximports/fix_imports.go:37.59,38.33 1 1
github.com/corsc/go-tools/fiximports/fiximports/fix_imports.go:38.33,40.17 2 1
github.com/corsc/go-tools/fiximports/fiximports/fix_imports.go:45.3,46.17 2 0
github.com/corsc/go-tools/fiximports/fiximports/fix_imports.go:51.3,51.26 1 0
github.com/corsc/go-tools/fiximports/fiximports/fix_imports.go:40.17,42.12 2 1
github.com/corsc/go-tools/fiximports/fiximports/fix_imports.go:46.17,48.12 2 0
github.com/corsc/go-tools/fiximports/fiximports/fix_imports.go:51.26,53.4 1 0
github.com/corsc/go-tools/fiximports/fiximports/fix_imports.go:53.4,55.4 1 0
github.com/corsc/go-tools/fiximports/fiximports/fix_imports.go:59.70,60.47 1 0
github.com/corsc/go-tools/fiximports/fiximports/fix_imports.go:60.47,63.17 3 0
github.com/corsc/go-tools/fiximports/fiximports/fix_imports.go:63.17,65.4 1 0
github.com/corsc/go-tools/fiximports/fiximports/fix_imports.go:69.54,71.2 1 0
github.com/corsc/go-tools/fiximports/fiximports/fix_imports.go:73.66,77.16 3 1
github.com/corsc/go-tools/fiximports/fiximports/fix_imports.go:82.2,82.28 1 1
github.com/corsc/go-tools/fiximports/fiximports/fix_imports.go:86.2,89.24 3 1
github.com/corsc/go-tools/fiximports/fiximports/fix_imports.go:93.2,95.28 2 1
github.com/corsc/go-tools/fiximports/fiximports/fix_imports.go:77.16,79.3 1 0
github.com/corsc/go-tools/fiximports/fiximports/fix_imports.go:82.28,84.3 1 1
github.com/corsc/go-tools/fiximports/fiximports/fix_imports.go:89.24,91.3 1 0
github.com/corsc/go-tools/fiximports/fiximports/fix_imports.go:98.84,106.2 1 1
github.com/corsc/go-tools/fiximports/fiximports/fix_imports.go:120.54,121.34 1 1
github.com/corsc/go-tools/fiximports/fiximports/fix_imports.go:129.2,129.10 1 1
github.com/corsc/go-tools/fiximports/fiximports/fix_imports.go:122.20,123.32 1 1
github.com/corsc/go-tools/fiximports/fiximports/fix_imports.go:125.10,125.10 0 1
github.com/corsc/go-tools/fiximports/fiximports/fix_imports.go:132.48,135.27 2 1
github.com/corsc/go-tools/fiximports/fiximports/fix_imports.go:139.2,142.16 3 1
github.com/corsc/go-tools/fiximports/fiximports/fix_imports.go:135.27,138.3 2 1
github.com/corsc/go-tools/fiximports/fiximports/fix_imports.go:142.16,145.3 2 0
github.com/corsc/go-tools/fiximports/fiximports/fix_imports.go:148.50,150.2 1 1
github.com/corsc/go-tools/fiximports/fiximports/fix_imports.go:152.68,158.42 4 1
github.com/corsc/go-tools/fiximports/fiximports/fix_imports.go:166.2,167.56 2 1
github.com/corsc/go-tools/fiximports/fiximports/fix_imports.go:171.2,175.15 4 1
github.com/corsc/go-tools/fiximports/fiximports/fix_imports.go:158.42,159.53 1 1
github.com/corsc/go-tools/fiximports/fiximports/fix_imports.go:159.53,161.4 1 1
github.com/corsc/go-tools/fiximports/fiximports/fix_imports.go:161.4,163.4 1 1
github.com/corsc/go-tools/fiximports/fiximports/fix_imports.go:167.56,169.3 1 1
github.com/corsc/go-tools/fiximports/fiximports/fix_imports.go:178.72,182.25 3 1
github.com/corsc/go-tools/fiximports/fiximports/fix_imports.go:186.2,186.28 1 1
github.com/corsc/go-tools/fiximports/fiximports/fix_imports.go:197.2,200.27 3 1
github.com/corsc/go-tools/fiximports/fiximports/fix_imports.go:204.2,204.35 1 1
github.com/corsc/go-tools/fiximports/fiximports/fix_imports.go:182.25,184.3 1 1
github.com/corsc/go-tools/fiximports/fiximports/fix_imports.go:186.28,190.54 2 1
github.com/corsc/go-tools/fiximports/fiximports/fix_imports.go:190.54,191.21 1 1
github.com/corsc/go-tools/fiximports/fiximports/fix_imports.go:191.21,193.5 1 1
github.com/corsc/go-tools/fiximports/fiximports/fix_imports.go:200.27,202.3 1 1
github.com/corsc/go-tools/fiximports/fiximports/fix_imports.go:207.68,210.33 1 1
github.com/corsc/go-tools/fiximports/fiximports/fix_imports.go:215.2,216.20 2 1
github.com/corsc/go-tools/fiximports/fiximports/fix_imports.go:224.2,224.14 1 1
github.com/corsc/go-tools/fiximports/fiximports/fix_imports.go:210.33,212.3 1 1
github.com/corsc/go-tools/fiximports/fiximports/fix_imports.go:216.20,219.21 2 1
github.com/corsc/go-tools/fiximports/fiximports/fix_imports.go:219.21,221.4 1 1
github.com/corsc/go-tools/fiximports/fiximports/fix_imports.go:227.62,236.2 5 1
github.com/corsc/go-tools/fiximports/fiximports/fix_imports.go:239.52,243.2 2 1
github.com/corsc/go-tools/fiximports/fiximports/fix_imports.go:245.57,246.30 1 1
github.com/corsc/go-tools/fiximports/fiximports/fix_imports.go:250.2,251.31 2 1
github.com/corsc/go-tools/fiximports/fiximports/fix_imports.go:255.2,255.27 1 1
github.com/corsc/go-tools/fiximports/fiximports/fix_imports.go:261.2,261.27 1 1
github.com/corsc/go-tools/fiximports/fiximports/fix_imports.go:246.30,248.3 1 0
github.com/corsc/go-tools/fiximports/fiximports/fix_imports.go:251.31,253.3 1 1
github.com/corsc/go-tools/fiximports/fiximports/fix_imports.go:255.27,259.3 1 1
github.com/corsc/go-tools/fiximports/fiximports/fix_imports.go:261.27,263.3 1 1
github.com/corsc/go-tools/fiximports/fiximports/import_sorter.go:24.33,26.2 1 1
github.com/corsc/go-tools/fiximports/fiximports/import_sorter.go:28.38,30.2 1 1
github.com/corsc/go-tools/fiximports/fiximports/import_sorter.go:32.43,34.2 1 1
